<?xml version="1.0" encoding="UTF-8"?>
<!-- Generated by org.testng.reporters.JUnitXMLReporter -->
<testsuite hostname="DESKTOP-LPKJ4V1" ignored="0" name="Default test" tests="5" failures="0" timestamp="10 Oct 2023 00:13:29 GMT" time="0.038" errors="0">
  <testcase name="@BeforeMethod setDriver" time="0.0" classname="sfdcTests.CommonTest">
    <failure type="org.testng.TestNGException" message="
Parameter &amp;apos;browserType&amp;apos; is required by BeforeMethod on method setDriver but has not been marked @Optional or defined
in C:\Users\seema\AppData\Local\Temp\testng-eclipse-1996245001\testng-customsuite.xml">
      <![CDATA[org.testng.TestNGException: 
Parameter 'browserType' is required by BeforeMethod on method setDriver but has not been marked @Optional or defined
in C:\Users\seema\AppData\Local\Temp\testng-eclipse-1996245001\testng-customsuite.xml
at org.testng.internal.Parameters.createParams(Parameters.java:290)
at org.testng.internal.Parameters.createParametersForMethod(Parameters.java:359)
at org.testng.internal.Parameters.createParameters(Parameters.java:620)
at org.testng.internal.Parameters.createConfigurationParameters(Parameters.java:190)
at org.testng.internal.Invoker.invokeConfigurations(Invoker.java:209)
at org.testng.internal.Invoker.invokeMethod(Invoker.java:523)
at org.testng.internal.Invoker.invokeTestMethod(Invoker.java:719)
at org.testng.internal.Invoker.invokeTestMethods(Invoker.java:989)
at org.testng.internal.TestMethodWorker.invokeTestMethods(TestMethodWorker.java:125)
at org.testng.internal.TestMethodWorker.run(TestMethodWorker.java:109)
at org.testng.TestRunner.privateRun(TestRunner.java:648)
at org.testng.TestRunner.run(TestRunner.java:505)
at org.testng.SuiteRunner.runTest(SuiteRunner.java:455)
at org.testng.SuiteRunner.runSequentially(SuiteRunner.java:450)
at org.testng.SuiteRunner.privateRun(SuiteRunner.java:415)
at org.testng.SuiteRunner.run(SuiteRunner.java:364)
at org.testng.SuiteRunnerWorker.runSuite(SuiteRunnerWorker.java:52)
at org.testng.SuiteRunnerWorker.run(SuiteRunnerWorker.java:84)
at org.testng.TestNG.runSuitesSequentially(TestNG.java:1208)
at org.testng.TestNG.runSuitesLocally(TestNG.java:1137)
at org.testng.TestNG.runSuites(TestNG.java:1049)
at org.testng.TestNG.run(TestNG.java:1017)
at org.testng.remote.AbstractRemoteTestNG.run(AbstractRemoteTestNG.java:115)
at org.testng.remote.RemoteTestNG.initAndRun(RemoteTestNG.java:251)
at org.testng.remote.RemoteTestNG.main(RemoteTestNG.java:77)
]]>
    </failure>
  </testcase> <!-- @BeforeMethod setDriver -->
  <testcase name="@AfterMethod remove" time="0.0" classname="sfdcTests.CommonTest">
    <skipped/>
  </testcase> <!-- @AfterMethod remove -->
  <testcase name="@BeforeMethod setDriver" time="0.0" classname="sfdcTests.CommonTest">
    <skipped/>
  </testcase> <!-- @BeforeMethod setDriver -->
  <testcase name="@AfterMethod remove" time="0.0" classname="sfdcTests.CommonTest">
    <skipped/>
  </testcase> <!-- @AfterMethod remove -->
  <testcase name="@BeforeMethod setDriver" time="0.0" classname="sfdcTests.CommonTest">
    <skipped/>
  </testcase> <!-- @BeforeMethod setDriver -->
  <testcase name="@AfterMethod remove" time="0.0" classname="sfdcTests.CommonTest">
    <skipped/>
  </testcase> <!-- @AfterMethod remove -->
  <testcase name="@BeforeMethod setDriver" time="0.0" classname="sfdcTests.CommonTest">
    <skipped/>
  </testcase> <!-- @BeforeMethod setDriver -->
  <testcase name="@AfterMethod remove" time="0.0" classname="sfdcTests.CommonTest">
    <skipped/>
  </testcase> <!-- @AfterMethod remove -->
  <testcase name="@BeforeMethod setDriver" time="0.0" classname="sfdcTests.CommonTest">
    <skipped/>
  </testcase> <!-- @BeforeMethod setDriver -->
  <testcase name="@AfterMethod remove" time="0.0" classname="sfdcTests.CommonTest">
    <skipped/>
  </testcase> <!-- @AfterMethod remove -->
  <testcase name="LoginFail" time="0.0" classname="sfdcTests.LoginTest">
    <skipped/>
  </testcase> <!-- LoginFail -->
  <testcase name="LoginSuccess" time="0.0" classname="sfdcTests.LoginTest">
    <skipped/>
  </testcase> <!-- LoginSuccess -->
  <testcase name="rememberMeTest3" time="0.0" classname="sfdcTests.LoginTest">
    <skipped/>
  </testcase> <!-- rememberMeTest3 -->
  <testcase name="forgotpasswordTest4A" time="0.0" classname="sfdcTests.LoginTest">
    <skipped/>
  </testcase> <!-- forgotpasswordTest4A -->
  <testcase name="VerifyInvalidCredentials" time="0.0" classname="sfdcTests.LoginTest">
    <skipped/>
  </testcase> <!-- VerifyInvalidCredentials -->
</testsuite> <!-- Default test -->
