<?xml version="1.0" encoding="UTF-8"?>
<!-- Generated by org.testng.reporters.JUnitXMLReporter -->
<testsuite hostname="DESKTOP-LPKJ4V1" ignored="0" name="Login" tests="5" failures="0" timestamp="17 Sep 2023 23:47:09 GMT" time="0.073" errors="0">
  <testcase name="@BeforeTest setDriver" time="0.0" classname="sfdcTests.CommonTest">
    <failure type="org.testng.TestNGException" message="
Parameter &amp;apos;broserName&amp;apos; is required by BeforeTest on method setDriver but has not been marked @Optional or defined
in D:\Automation\Selenium-workspace\SalesForceAutomation\sample.xml">
      <![CDATA[org.testng.TestNGException: 
Parameter 'broserName' is required by BeforeTest on method setDriver but has not been marked @Optional or defined
in D:\Automation\Selenium-workspace\SalesForceAutomation\sample.xml
... Removed 21 stack frames]]>
    </failure>
  </testcase> <!-- @BeforeTest setDriver -->
  <testcase name="@BeforeMethod setup" time="0.0" classname="sfdcTests.CommonTest">
    <skipped/>
  </testcase> <!-- @BeforeMethod setup -->
  <testcase name="@AfterMethod teardown" time="0.0" classname="sfdcTests.CommonTest">
    <skipped/>
  </testcase> <!-- @AfterMethod teardown -->
  <testcase name="@BeforeMethod setup" time="0.0" classname="sfdcTests.CommonTest">
    <skipped/>
  </testcase> <!-- @BeforeMethod setup -->
  <testcase name="@AfterMethod teardown" time="0.0" classname="sfdcTests.CommonTest">
    <skipped/>
  </testcase> <!-- @AfterMethod teardown -->
  <testcase name="@BeforeMethod setup" time="0.0" classname="sfdcTests.CommonTest">
    <skipped/>
  </testcase> <!-- @BeforeMethod setup -->
  <testcase name="@AfterMethod teardown" time="0.0" classname="sfdcTests.CommonTest">
    <skipped/>
  </testcase> <!-- @AfterMethod teardown -->
  <testcase name="@BeforeMethod setup" time="0.0" classname="sfdcTests.CommonTest">
    <skipped/>
  </testcase> <!-- @BeforeMethod setup -->
  <testcase name="@AfterMethod teardown" time="0.0" classname="sfdcTests.CommonTest">
    <skipped/>
  </testcase> <!-- @AfterMethod teardown -->
  <testcase name="@BeforeMethod setup" time="0.0" classname="sfdcTests.CommonTest">
    <skipped/>
  </testcase> <!-- @BeforeMethod setup -->
  <testcase name="@AfterMethod teardown" time="0.0" classname="sfdcTests.CommonTest">
    <skipped/>
  </testcase> <!-- @AfterMethod teardown -->
  <testcase name="@AfterTest remove" time="0.0" classname="sfdcTests.CommonTest">
    <skipped/>
  </testcase> <!-- @AfterTest remove -->
  <testcase name="LoginFail" time="0.0" classname="sfdcTests.LoginTest">
    <skipped/>
  </testcase> <!-- LoginFail -->
  <testcase name="LoginSuccess" time="0.0" classname="sfdcTests.LoginTest">
    <skipped/>
  </testcase> <!-- LoginSuccess -->
  <testcase name="VerifyInvalidCredentials" time="0.0" classname="sfdcTests.LoginTest">
    <skipped/>
  </testcase> <!-- VerifyInvalidCredentials -->
  <testcase name="forgotpasswordTest4A" time="0.0" classname="sfdcTests.LoginTest">
    <skipped/>
  </testcase> <!-- forgotpasswordTest4A -->
  <testcase name="rememberMeTest3" time="0.0" classname="sfdcTests.LoginTest">
    <skipped/>
  </testcase> <!-- rememberMeTest3 -->
</testsuite> <!-- Login -->
