<?xml version="1.0" encoding="UTF-8"?>
<!-- Generated by org.testng.reporters.JUnitReportReporter -->
<testsuite skipped="5" hostname="DESKTOP-LPKJ4V1" name="sfdcTests.UserMenuTest" tests="6" failures="0" timestamp="18 Sep 2023 01:41:25 GMT" time="0.000" errors="1">
  <testcase name="logout_TC09" time="0.000" classname="sfdcTests.UserMenuTest">
    <skipped/>
  </testcase> <!-- logout_TC09 -->
  <testcase name="setDriver" time="0.000" classname="sfdcTests.UserMenuTest">
    <error type="org.testng.TestNGException" message="
Parameter &#039;broserName&#039; is required by BeforeTest on method setDriver but has not been marked @Optional or defined
in D:\Automation\Selenium-workspace\SalesForceAutomation\testng.xml">
      <![CDATA[org.testng.TestNGException: 
Parameter 'broserName' is required by BeforeTest on method setDriver but has not been marked @Optional or defined
in D:\Automation\Selenium-workspace\SalesForceAutomation\testng.xml
at org.testng.internal.Parameters.createParams(Parameters.java:290)
at org.testng.internal.Parameters.createParametersForMethod(Parameters.java:359)
at org.testng.internal.Parameters.createParameters(Parameters.java:620)
at org.testng.internal.Parameters.createConfigurationParameters(Parameters.java:190)
at org.testng.internal.Invoker.invokeConfigurations(Invoker.java:209)
at org.testng.internal.Invoker.invokeConfigurations(Invoker.java:142)
at org.testng.TestRunner.beforeRun(TestRunner.java:529)
at org.testng.TestRunner.run(TestRunner.java:497)
at org.testng.SuiteRunner.runTest(SuiteRunner.java:455)
at org.testng.SuiteRunner.runSequentially(SuiteRunner.java:450)
at org.testng.SuiteRunner.privateRun(SuiteRunner.java:415)
at org.testng.SuiteRunner.run(SuiteRunner.java:364)
at org.testng.SuiteRunnerWorker.runSuite(SuiteRunnerWorker.java:52)
at org.testng.SuiteRunnerWorker.run(SuiteRunnerWorker.java:84)
at org.testng.TestNG.runSuitesSequentially(TestNG.java:1208)
at org.testng.TestNG.runSuitesLocally(TestNG.java:1137)
at org.testng.TestNG.runSuites(TestNG.java:1049)
at org.testng.TestNG.run(TestNG.java:1017)
at org.testng.remote.AbstractRemoteTestNG.run(AbstractRemoteTestNG.java:115)
at org.testng.remote.RemoteTestNG.initAndRun(RemoteTestNG.java:251)
at org.testng.remote.RemoteTestNG.main(RemoteTestNG.java:77)
]]>
    </error>
  </testcase> <!-- setDriver -->
  <testcase name="DeveloperConsole_TC08" time="0.000" classname="sfdcTests.UserMenuTest">
    <skipped/>
  </testcase> <!-- DeveloperConsole_TC08 -->
  <testcase name="myProfile_TC06" time="0.000" classname="sfdcTests.UserMenuTest">
    <skipped/>
  </testcase> <!-- myProfile_TC06 -->
  <testcase name="mySetting_TC07" time="0.000" classname="sfdcTests.UserMenuTest">
    <skipped/>
  </testcase> <!-- mySetting_TC07 -->
  <testcase name="userMenuDropDown_TC05" time="0.000" classname="sfdcTests.UserMenuTest">
    <skipped/>
  </testcase> <!-- userMenuDropDown_TC05 -->
</testsuite> <!-- sfdcTests.UserMenuTest -->
