<?xml version="1.0" encoding="UTF-8"?>
<!-- Generated by org.testng.reporters.JUnitReportReporter -->
<testsuite skipped="5" hostname="DESKTOP-LPKJ4V1" name="sfdcTests.opportunitiesTest" tests="8" failures="0" timestamp="10 Oct 2023 00:11:52 GMT" time="0.000" errors="3">
  <testcase name="stuckOpportunityReport_TC18" time="0.000" classname="sfdcTests.opportunitiesTest">
    <skipped/>
  </testcase> <!-- stuckOpportunityReport_TC18 -->
  <testcase name="verifyOpportunityList_TC15" time="0.000" classname="sfdcTests.opportunitiesTest">
    <skipped/>
  </testcase> <!-- verifyOpportunityList_TC15 -->
  <testcase name="setDriver" time="0.000" classname="sfdcTests.opportunitiesTest">
    <error type="org.testng.TestNGException" message="
Parameter &#039;isHeadleass&#039; is required by BeforeMethod on method setDriver but has not been marked @Optional or defined
in D:\Automation\Selenium-workspace\SalesForceAutomation\testng.xml">
      <![CDATA[org.testng.TestNGException: 
Parameter 'isHeadleass' is required by BeforeMethod on method setDriver but has not been marked @Optional or defined
in D:\Automation\Selenium-workspace\SalesForceAutomation\testng.xml
at org.testng.internal.Parameters.createParams(Parameters.java:290)
at org.testng.internal.Parameters.createParametersForMethod(Parameters.java:359)
at org.testng.internal.Parameters.createParameters(Parameters.java:620)
at org.testng.internal.Parameters.createConfigurationParameters(Parameters.java:190)
at org.testng.internal.Invoker.invokeConfigurations(Invoker.java:209)
at org.testng.internal.Invoker.invokeMethod(Invoker.java:523)
at org.testng.internal.Invoker.invokeTestMethod(Invoker.java:719)
at org.testng.internal.Invoker.invokeTestMethods(Invoker.java:989)
at org.testng.internal.TestMethodWorker.invokeTestMethods(TestMethodWorker.java:125)
at org.testng.internal.TestMethodWorker.run(TestMethodWorker.java:109)
at java.util.concurrent.ThreadPoolExecutor.runWorker(Unknown Source)
at java.util.concurrent.ThreadPoolExecutor$Worker.run(Unknown Source)
at java.lang.Thread.run(Unknown Source)
]]>
    </error>
  </testcase> <!-- setDriver -->
  <testcase name="QuarterlySummaryReport_TC19" time="0.000" classname="sfdcTests.opportunitiesTest">
    <skipped/>
  </testcase> <!-- QuarterlySummaryReport_TC19 -->
  <testcase name="setDriver" time="0.000" classname="sfdcTests.opportunitiesTest">
    <error type="org.testng.TestNGException" message="
Parameter &#039;isHeadleass&#039; is required by BeforeMethod on method setDriver but has not been marked @Optional or defined
in D:\Automation\Selenium-workspace\SalesForceAutomation\testng.xml">
      <![CDATA[org.testng.TestNGException: 
Parameter 'isHeadleass' is required by BeforeMethod on method setDriver but has not been marked @Optional or defined
in D:\Automation\Selenium-workspace\SalesForceAutomation\testng.xml
at org.testng.internal.Parameters.createParams(Parameters.java:290)
at org.testng.internal.Parameters.createParametersForMethod(Parameters.java:359)
at org.testng.internal.Parameters.createParameters(Parameters.java:620)
at org.testng.internal.Parameters.createConfigurationParameters(Parameters.java:190)
at org.testng.internal.Invoker.invokeConfigurations(Invoker.java:209)
at org.testng.internal.Invoker.invokeMethod(Invoker.java:523)
at org.testng.internal.Invoker.invokeTestMethod(Invoker.java:719)
at org.testng.internal.Invoker.invokeTestMethods(Invoker.java:989)
at org.testng.internal.TestMethodWorker.invokeTestMethods(TestMethodWorker.java:125)
at org.testng.internal.TestMethodWorker.run(TestMethodWorker.java:109)
at java.util.concurrent.ThreadPoolExecutor.runWorker(Unknown Source)
at java.util.concurrent.ThreadPoolExecutor$Worker.run(Unknown Source)
at java.lang.Thread.run(Unknown Source)
]]>
    </error>
  </testcase> <!-- setDriver -->
  <testcase name="setDriver" time="0.000" classname="sfdcTests.opportunitiesTest">
    <error type="org.testng.TestNGException" message="
Parameter &#039;isHeadleass&#039; is required by BeforeMethod on method setDriver but has not been marked @Optional or defined
in D:\Automation\Selenium-workspace\SalesForceAutomation\testng.xml">
      <![CDATA[org.testng.TestNGException: 
Parameter 'isHeadleass' is required by BeforeMethod on method setDriver but has not been marked @Optional or defined
in D:\Automation\Selenium-workspace\SalesForceAutomation\testng.xml
at org.testng.internal.Parameters.createParams(Parameters.java:290)
at org.testng.internal.Parameters.createParametersForMethod(Parameters.java:359)
at org.testng.internal.Parameters.createParameters(Parameters.java:620)
at org.testng.internal.Parameters.createConfigurationParameters(Parameters.java:190)
at org.testng.internal.Invoker.invokeConfigurations(Invoker.java:209)
at org.testng.internal.Invoker.invokeMethod(Invoker.java:523)
at org.testng.internal.Invoker.invokeTestMethod(Invoker.java:719)
at org.testng.internal.Invoker.invokeTestMethods(Invoker.java:989)
at org.testng.internal.TestMethodWorker.invokeTestMethods(TestMethodWorker.java:125)
at org.testng.internal.TestMethodWorker.run(TestMethodWorker.java:109)
at java.util.concurrent.ThreadPoolExecutor.runWorker(Unknown Source)
at java.util.concurrent.ThreadPoolExecutor$Worker.run(Unknown Source)
at java.lang.Thread.run(Unknown Source)
]]>
    </error>
  </testcase> <!-- setDriver -->
  <testcase name="createNewOpprtunity_TC16" time="0.000" classname="sfdcTests.opportunitiesTest">
    <skipped/>
  </testcase> <!-- createNewOpprtunity_TC16 -->
  <testcase name="opportunityPipelineRpt_TC17" time="0.000" classname="sfdcTests.opportunitiesTest">
    <skipped/>
  </testcase> <!-- opportunityPipelineRpt_TC17 -->
</testsuite> <!-- sfdcTests.opportunitiesTest -->
