<?xml version="1.0" encoding="UTF-8"?>
<!-- Generated by org.testng.reporters.JUnitXMLReporter -->
<testsuite hostname="DESKTOP-LPKJ4V1" ignored="2" name="crossbrowser" tests="10" failures="1" timestamp="10 Oct 2023 00:45:41 GMT" time="87.771" errors="0">
  <testcase name="LoginFail" time="1.08" classname="sfdcTests.LoginTest"/>
  <testcase name="userMenuDropDown_TC05" time="3.87" classname="sfdcTests.UserMenuTest"/>
  <testcase name="LoginSuccess" time="2.363" classname="sfdcTests.LoginTest"/>
  <testcase name="myProfile_TC06" time="22.347" classname="sfdcTests.UserMenuTest"/>
  <testcase name="rememberMeTest3" time="5.244" classname="sfdcTests.LoginTest"/>
  <testcase name="mySetting_TC07" time="21.398" classname="sfdcTests.UserMenuTest">
    <failure type="org.openqa.selenium.NoSuchElementException" message="Unable to locate element: .messageText
For documentation on this error, please visit: https://www.selenium.dev/documentation/webdriver/troubleshooting/errors#no-such-element-exception
Build info: version: &amp;apos;4.11.0&amp;apos;, revision: &amp;apos;040bc5406b&amp;apos;
System info: os.name: &amp;apos;Windows 10&amp;apos;, os.arch: &amp;apos;amd64&amp;apos;, os.version: &amp;apos;10.0&amp;apos;, java.version: &amp;apos;1.8.0_211&amp;apos;
Driver info: org.openqa.selenium.firefox.FirefoxDriver
Command: [d9a21e20-276b-4dab-b4a5-4d5036b33808, findElement {using=class name, value=messageText}]
Capabilities {acceptInsecureCerts: true, browserName: firefox, browserVersion: 118.0.1, moz:accessibilityChecks: false, moz:buildID: 20230927232528, moz:debuggerAddress: 127.0.0.1:45867, moz:geckodriverVersion: 0.33.0, moz:headless: true, moz:platformVersion: 10.0, moz:processID: 3004, moz:profile: C:\Users\seema\AppData\Loca..., moz:shutdownTimeout: 60000, moz:webdriverClick: true, moz:windowless: false, pageLoadStrategy: normal, platformName: windows, proxy: Proxy(), se:cdp: ws://127.0.0.1:45867/devtoo..., se:cdpVersion: 85.0, setWindowRect: true, strictFileInteractability: false, timeouts: {implicit: 0, pageLoad: 300000, script: 30000}, unhandledPromptBehavior: dismiss and notify}
Session ID: d9a21e20-276b-4dab-b4a5-4d5036b33808">
      <![CDATA[org.openqa.selenium.NoSuchElementException: Unable to locate element: .messageText
For documentation on this error, please visit: https://www.selenium.dev/documentation/webdriver/troubleshooting/errors#no-such-element-exception
Build info: version: '4.11.0', revision: '040bc5406b'
System info: os.name: 'Windows 10', os.arch: 'amd64', os.version: '10.0', java.version: '1.8.0_211'
Driver info: org.openqa.selenium.firefox.FirefoxDriver
Command: [d9a21e20-276b-4dab-b4a5-4d5036b33808, findElement {using=class name, value=messageText}]
Capabilities {acceptInsecureCerts: true, browserName: firefox, browserVersion: 118.0.1, moz:accessibilityChecks: false, moz:buildID: 20230927232528, moz:debuggerAddress: 127.0.0.1:45867, moz:geckodriverVersion: 0.33.0, moz:headless: true, moz:platformVersion: 10.0, moz:processID: 3004, moz:profile: C:\Users\seema\AppData\Loca..., moz:shutdownTimeout: 60000, moz:webdriverClick: true, moz:windowless: false, pageLoadStrategy: normal, platformName: windows, proxy: Proxy(), se:cdp: ws://127.0.0.1:45867/devtoo..., se:cdpVersion: 85.0, setWindowRect: true, strictFileInteractability: false, timeouts: {implicit: 0, pageLoad: 300000, script: 30000}, unhandledPromptBehavior: dismiss and notify}
Session ID: d9a21e20-276b-4dab-b4a5-4d5036b33808
at org.openqa.selenium.remote.codec.w3c.W3CHttpResponseCodec.createException(W3CHttpResponseCodec.java:200)
at org.openqa.selenium.remote.codec.w3c.W3CHttpResponseCodec.decode(W3CHttpResponseCodec.java:133)
at org.openqa.selenium.remote.codec.w3c.W3CHttpResponseCodec.decode(W3CHttpResponseCodec.java:52)
at org.openqa.selenium.remote.HttpCommandExecutor.execute(HttpCommandExecutor.java:191)
at org.openqa.selenium.remote.service.DriverCommandExecutor.invokeExecute(DriverCommandExecutor.java:196)
at org.openqa.selenium.remote.service.DriverCommandExecutor.execute(DriverCommandExecutor.java:171)
at org.openqa.selenium.remote.RemoteWebDriver.execute(RemoteWebDriver.java:518)
at org.openqa.selenium.remote.ElementLocation$ElementFinder$2.findElement(ElementLocation.java:165)
at org.openqa.selenium.remote.ElementLocation.findElement(ElementLocation.java:66)
at org.openqa.selenium.remote.RemoteWebDriver.findElement(RemoteWebDriver.java:355)
at org.openqa.selenium.remote.RemoteWebDriver.findElement(RemoteWebDriver.java:349)
at org.openqa.selenium.support.pagefactory.DefaultElementLocator.findElement(DefaultElementLocator.java:68)
at org.openqa.selenium.support.pagefactory.internal.LocatingElementHandler.invoke(LocatingElementHandler.java:38)
at com.sun.proxy.$Proxy34.isDisplayed(Unknown Source)
at sfdcPages.UserMenu.VerifyEmailUpdated(UserMenu.java:566)
at sfdcTests.UserMenuTest.mySetting_TC07(UserMenuTest.java:106)
at java.util.concurrent.ThreadPoolExecutor.runWorker(Unknown Source)
at java.util.concurrent.ThreadPoolExecutor$Worker.run(Unknown Source)
at java.lang.Thread.run(Unknown Source)
... Removed 13 stack frames]]>
    </failure>
  </testcase> <!-- mySetting_TC07 -->
  <testcase name="forgotpasswordTest4A" time="2.313" classname="sfdcTests.LoginTest"/>
  <testcase name="DeveloperConsole_TC08" time="4.308" classname="sfdcTests.UserMenuTest"/>
  <testcase name="VerifyInvalidCredentials" time="1.207" classname="sfdcTests.LoginTest"/>
  <testcase name="logout_TC09" time="6.256" classname="sfdcTests.UserMenuTest"/>
  <testcase name="@AfterSuite teardown" time="0.0" classname="sfdcTests.CommonTest">
    <ignored/>
  </testcase> <!-- @AfterSuite teardown -->
  <testcase name="@BeforeSuite configureReport" time="0.0" classname="sfdcTests.CommonTest">
    <ignored/>
  </testcase> <!-- @BeforeSuite configureReport -->
</testsuite> <!-- crossbrowser -->
