<html>
<head>
<title>TestNG:  crossbrowser</title>
<link href="../testng.css" rel="stylesheet" type="text/css" />
<link href="../my-testng.css" rel="stylesheet" type="text/css" />

<style type="text/css">
.log { display: none;} 
.stack-trace { display: none;} 
</style>
<script type="text/javascript">
<!--
function flip(e) {
  current = e.style.display;
  if (current == 'block') {
    e.style.display = 'none';
    return 0;
  }
  else {
    e.style.display = 'block';
    return 1;
  }
}

function toggleBox(szDivId, elem, msg1, msg2)
{
  var res = -1;  if (document.getElementById) {
    res = flip(document.getElementById(szDivId));
  }
  else if (document.all) {
    // this is the way old msie versions work
    res = flip(document.all[szDivId]);
  }
  if(elem) {
    if(res == 0) elem.innerHTML = msg1; else elem.innerHTML = msg2;
  }

}

function toggleAllBoxes() {
  if (document.getElementsByTagName) {
    d = document.getElementsByTagName('div');
    for (i = 0; i < d.length; i++) {
      if (d[i].className == 'log') {
        flip(d[i]);
      }
    }
  }
}

// -->
</script>

</head>
<body>
<h2 align='center'>crossbrowser</h2><table border='1' align="center">
<tr>
<td>Tests passed/Failed/Skipped:</td><td>9/1/0</td>
</tr><tr>
<td>Started on:</td><td>Mon Oct 09 20:44:13 EDT 2023</td>
</tr>
<tr><td>Total time:</td><td>87 seconds (87771 ms)</td>
</tr><tr>
<td>Included groups:</td><td></td>
</tr><tr>
<td>Excluded groups:</td><td></td>
</tr>
</table><p/>
<small><i>(Hover the method name to see the test class name)</i></small><p/>
<table width='100%' border='1' class='invocation-failed'>
<tr><td colspan='4' align='center'><b>FAILED TESTS</b></td></tr>
<tr><td><b>Test method</b></td>
<td width="30%"><b>Exception</b></td>
<td width="10%"><b>Time (seconds)</b></td>
<td><b>Instance</b></td>
</tr>
<tr>
<td title='sfdcTests.UserMenuTest.mySetting_TC07()'><b>mySetting_TC07</b><br>Test class: sfdcTests.UserMenuTest<br>Parameters: public void sfdcTests.UserMenuTest.mySetting_TC07(java.lang.reflect.Method) throws java.io.IOException,java.lang.InterruptedException</td>
<td><div><pre>org.openqa.selenium.NoSuchElementException: Unable to locate element: .messageText
For documentation on this error, please visit: https://www.selenium.dev/documentation/webdriver/troubleshooting/errors#no-such-element-exception
Build info: version: &apos;4.11.0&apos;, revision: &apos;040bc5406b&apos;
System info: os.name: &apos;Windows 10&apos;, os.arch: &apos;amd64&apos;, os.version: &apos;10.0&apos;, java.version: &apos;1.8.0_211&apos;
Driver info: org.openqa.selenium.firefox.FirefoxDriver
Command: [d9a21e20-276b-4dab-b4a5-4d5036b33808, findElement {using=class name, value=messageText}]
Capabilities {acceptInsecureCerts: true, browserName: firefox, browserVersion: 118.0.1, moz:accessibilityChecks: false, moz:buildID: 20230927232528, moz:debuggerAddress: 127.0.0.1:45867, moz:geckodriverVersion: 0.33.0, moz:headless: true, moz:platformVersion: 10.0, moz:processID: 3004, moz:profile: C:\Users\seema\AppData\Loca..., moz:shutdownTimeout: 60000, moz:webdriverClick: true, moz:windowless: false, pageLoadStrategy: normal, platformName: windows, proxy: Proxy(), se:cdp: ws://127.0.0.1:45867/devtoo..., se:cdpVersion: 85.0, setWindowRect: true, strictFileInteractability: false, timeouts: {implicit: 0, pageLoad: 300000, script: 30000}, unhandledPromptBehavior: dismiss and notify}
Session ID: d9a21e20-276b-4dab-b4a5-4d5036b33808
	at org.openqa.selenium.remote.codec.w3c.W3CHttpResponseCodec.createException(W3CHttpResponseCodec.java:200)
	at org.openqa.selenium.remote.codec.w3c.W3CHttpResponseCodec.decode(W3CHttpResponseCodec.java:133)
	at org.openqa.selenium.remote.codec.w3c.W3CHttpResponseCodec.decode(W3CHttpResponseCodec.java:52)
	at org.openqa.selenium.remote.HttpCommandExecutor.execute(HttpCommandExecutor.java:191)
	at org.openqa.selenium.remote.service.DriverCommandExecutor.invokeExecute(DriverCommandExecutor.java:196)
	at org.openqa.selenium.remote.service.DriverCommandExecutor.execute(DriverCommandExecutor.java:171)
	at org.openqa.selenium.remote.RemoteWebDriver.execute(RemoteWebDriver.java:518)
	at org.openqa.selenium.remote.ElementLocation$ElementFinder$2.findElement(ElementLocation.java:165)
	at org.openqa.selenium.remote.ElementLocation.findElement(ElementLocation.java:66)
	at org.openqa.selenium.remote.RemoteWebDriver.findElement(RemoteWebDriver.java:355)
	at org.openqa.selenium.remote.RemoteWebDriver.findElement(RemoteWebDriver.java:349)
	at org.openqa.selenium.support.pagefactory.DefaultElementLocator.findElement(DefaultElementLocator.java:68)
	at org.openqa.selenium.support.pagefactory.internal.LocatingElementHandler.invoke(LocatingElementHandler.java:38)
	at com.sun.proxy.$Proxy34.isDisplayed(Unknown Source)
	at sfdcPages.UserMenu.VerifyEmailUpdated(UserMenu.java:566)
	at sfdcTests.UserMenuTest.mySetting_TC07(UserMenuTest.java:106)
	at java.util.concurrent.ThreadPoolExecutor.runWorker(Unknown Source)
	at java.util.concurrent.ThreadPoolExecutor$Worker.run(Unknown Source)
	at java.lang.Thread.run(Unknown Source)
... Removed 13 stack frames</pre></div><a href='#' onClick='toggleBox("stack-trace1395144915", this, "Click to show all stack frames", "Click to hide stack frames")'>Click to show all stack frames</a>
<div class='stack-trace' id='stack-trace1395144915'><pre>org.openqa.selenium.NoSuchElementException: Unable to locate element: .messageText
For documentation on this error, please visit: https://www.selenium.dev/documentation/webdriver/troubleshooting/errors#no-such-element-exception
Build info: version: &apos;4.11.0&apos;, revision: &apos;040bc5406b&apos;
System info: os.name: &apos;Windows 10&apos;, os.arch: &apos;amd64&apos;, os.version: &apos;10.0&apos;, java.version: &apos;1.8.0_211&apos;
Driver info: org.openqa.selenium.firefox.FirefoxDriver
Command: [d9a21e20-276b-4dab-b4a5-4d5036b33808, findElement {using=class name, value=messageText}]
Capabilities {acceptInsecureCerts: true, browserName: firefox, browserVersion: 118.0.1, moz:accessibilityChecks: false, moz:buildID: 20230927232528, moz:debuggerAddress: 127.0.0.1:45867, moz:geckodriverVersion: 0.33.0, moz:headless: true, moz:platformVersion: 10.0, moz:processID: 3004, moz:profile: C:\Users\seema\AppData\Loca..., moz:shutdownTimeout: 60000, moz:webdriverClick: true, moz:windowless: false, pageLoadStrategy: normal, platformName: windows, proxy: Proxy(), se:cdp: ws://127.0.0.1:45867/devtoo..., se:cdpVersion: 85.0, setWindowRect: true, strictFileInteractability: false, timeouts: {implicit: 0, pageLoad: 300000, script: 30000}, unhandledPromptBehavior: dismiss and notify}
Session ID: d9a21e20-276b-4dab-b4a5-4d5036b33808
	at sun.reflect.GeneratedConstructorAccessor27.newInstance(Unknown Source)
	at sun.reflect.DelegatingConstructorAccessorImpl.newInstance(Unknown Source)
	at java.lang.reflect.Constructor.newInstance(Unknown Source)
	at org.openqa.selenium.remote.codec.w3c.W3CHttpResponseCodec.createException(W3CHttpResponseCodec.java:200)
	at org.openqa.selenium.remote.codec.w3c.W3CHttpResponseCodec.decode(W3CHttpResponseCodec.java:133)
	at org.openqa.selenium.remote.codec.w3c.W3CHttpResponseCodec.decode(W3CHttpResponseCodec.java:52)
	at org.openqa.selenium.remote.HttpCommandExecutor.execute(HttpCommandExecutor.java:191)
	at org.openqa.selenium.remote.service.DriverCommandExecutor.invokeExecute(DriverCommandExecutor.java:196)
	at org.openqa.selenium.remote.service.DriverCommandExecutor.execute(DriverCommandExecutor.java:171)
	at org.openqa.selenium.remote.RemoteWebDriver.execute(RemoteWebDriver.java:518)
	at org.openqa.selenium.remote.ElementLocation$ElementFinder$2.findElement(ElementLocation.java:165)
	at org.openqa.selenium.remote.ElementLocation.findElement(ElementLocation.java:66)
	at org.openqa.selenium.remote.RemoteWebDriver.findElement(RemoteWebDriver.java:355)
	at org.openqa.selenium.remote.RemoteWebDriver.findElement(RemoteWebDriver.java:349)
	at org.openqa.selenium.support.pagefactory.DefaultElementLocator.findElement(DefaultElementLocator.java:68)
	at org.openqa.selenium.support.pagefactory.internal.LocatingElementHandler.invoke(LocatingElementHandler.java:38)
	at com.sun.proxy.$Proxy34.isDisplayed(Unknown Source)
	at sfdcPages.UserMenu.VerifyEmailUpdated(UserMenu.java:566)
	at sfdcTests.UserMenuTest.mySetting_TC07(UserMenuTest.java:106)
	at sun.reflect.NativeMethodAccessorImpl.invoke0(Native Method)
	at sun.reflect.NativeMethodAccessorImpl.invoke(Unknown Source)
	at sun.reflect.DelegatingMethodAccessorImpl.invoke(Unknown Source)
	at java.lang.reflect.Method.invoke(Unknown Source)
	at org.testng.internal.MethodInvocationHelper.invokeMethod(MethodInvocationHelper.java:124)
	at org.testng.internal.Invoker.invokeMethod(Invoker.java:583)
	at org.testng.internal.Invoker.invokeTestMethod(Invoker.java:719)
	at org.testng.internal.Invoker.invokeTestMethods(Invoker.java:989)
	at org.testng.internal.TestMethodWorker.invokeTestMethods(TestMethodWorker.java:125)
	at org.testng.internal.TestMethodWorker.run(TestMethodWorker.java:109)
	at java.util.concurrent.ThreadPoolExecutor.runWorker(Unknown Source)
	at java.util.concurrent.ThreadPoolExecutor$Worker.run(Unknown Source)
	at java.lang.Thread.run(Unknown Source)
</pre></div></td>
<td>21</td>
<td>sfdcTests.UserMenuTest@1a6d8329</td></tr>
</table><p>
<table width='100%' border='1' class='invocation-passed'>
<tr><td colspan='4' align='center'><b>PASSED TESTS</b></td></tr>
<tr><td><b>Test method</b></td>
<td width="30%"><b>Exception</b></td>
<td width="10%"><b>Time (seconds)</b></td>
<td><b>Instance</b></td>
</tr>
<tr>
<td title='sfdcTests.UserMenuTest.DeveloperConsole_TC08()'><b>DeveloperConsole_TC08</b><br>Test class: sfdcTests.UserMenuTest<br>Parameters: public void sfdcTests.UserMenuTest.DeveloperConsole_TC08(java.lang.reflect.Method) throws java.io.IOException</td>
<td></td>
<td>4</td>
<td>sfdcTests.UserMenuTest@1a6d8329</td></tr>
<tr>
<td title='sfdcTests.LoginTest.LoginFail()'><b>LoginFail</b><br>Test class: sfdcTests.LoginTest<br>Parameters: public void sfdcTests.LoginTest.LoginFail(java.lang.reflect.Method) throws java.io.IOException</td>
<td></td>
<td>1</td>
<td>sfdcTests.LoginTest@1a942c18</td></tr>
<tr>
<td title='sfdcTests.LoginTest.LoginSuccess()'><b>LoginSuccess</b><br>Test class: sfdcTests.LoginTest<br>Parameters: public void sfdcTests.LoginTest.LoginSuccess(java.lang.reflect.Method) throws java.io.IOException</td>
<td></td>
<td>2</td>
<td>sfdcTests.LoginTest@1a942c18</td></tr>
<tr>
<td title='sfdcTests.LoginTest.VerifyInvalidCredentials()'><b>VerifyInvalidCredentials</b><br>Test class: sfdcTests.LoginTest<br>Parameters: public void sfdcTests.LoginTest.VerifyInvalidCredentials(java.lang.reflect.Method) throws java.io.IOException</td>
<td></td>
<td>1</td>
<td>sfdcTests.LoginTest@1a942c18</td></tr>
<tr>
<td title='sfdcTests.LoginTest.forgotpasswordTest4A()'><b>forgotpasswordTest4A</b><br>Test class: sfdcTests.LoginTest<br>Parameters: public void sfdcTests.LoginTest.forgotpasswordTest4A(java.lang.reflect.Method) throws java.io.IOException</td>
<td></td>
<td>2</td>
<td>sfdcTests.LoginTest@1a942c18</td></tr>
<tr>
<td title='sfdcTests.UserMenuTest.logout_TC09()'><b>logout_TC09</b><br>Test class: sfdcTests.UserMenuTest<br>Parameters: public void sfdcTests.UserMenuTest.logout_TC09(java.lang.reflect.Method) throws java.io.IOException</td>
<td></td>
<td>6</td>
<td>sfdcTests.UserMenuTest@1a6d8329</td></tr>
<tr>
<td title='sfdcTests.UserMenuTest.myProfile_TC06()'><b>myProfile_TC06</b><br>Test class: sfdcTests.UserMenuTest<br>Parameters: public void sfdcTests.UserMenuTest.myProfile_TC06(java.lang.reflect.Method) throws java.io.IOException,java.lang.InterruptedException</td>
<td></td>
<td>22</td>
<td>sfdcTests.UserMenuTest@1a6d8329</td></tr>
<tr>
<td title='sfdcTests.LoginTest.rememberMeTest3()'><b>rememberMeTest3</b><br>Test class: sfdcTests.LoginTest<br>Parameters: public void sfdcTests.LoginTest.rememberMeTest3(java.lang.reflect.Method) throws java.io.IOException</td>
<td></td>
<td>5</td>
<td>sfdcTests.LoginTest@1a942c18</td></tr>
<tr>
<td title='sfdcTests.UserMenuTest.userMenuDropDown_TC05()'><b>userMenuDropDown_TC05</b><br>Test class: sfdcTests.UserMenuTest<br>Parameters: public void sfdcTests.UserMenuTest.userMenuDropDown_TC05(java.lang.reflect.Method) throws java.io.IOException</td>
<td></td>
<td>3</td>
<td>sfdcTests.UserMenuTest@1a6d8329</td></tr>
</table><p>
</body>
</html>